[debug] [2026-06-19T10:30:00.264Z] ----------------------------------------------------------------------
[debug] [2026-06-19T10:30:00.268Z] Command:       C:\Program Files\nodejs\node.exe C:\Users\ragna\AppData\Roaming\npm\node_modules\firebase-tools\lib\bin\firebase.js projects:create violin-app-dev --display-name Violin Master (Dev)
[debug] [2026-06-19T10:30:00.268Z] CLI Version:   15.20.0
[debug] [2026-06-19T10:30:00.268Z] Platform:      win32
[debug] [2026-06-19T10:30:00.268Z] Node Version:  v20.18.0
[debug] [2026-06-19T10:30:00.269Z] Time:          Fri Jun 19 2026 12:30:00 GMT+0200 (hora de verano de Europa central)
[debug] [2026-06-19T10:30:00.269Z] ----------------------------------------------------------------------
[debug] 
[debug] [2026-06-19T10:30:00.512Z] Object "/emulators/firestore" in "firebase.json" has unknown property: {"additionalProperty":"rules"}
[debug] [2026-06-19T10:30:00.517Z] > command requires scopes: ["email","openid","https://www.googleapis.com/auth/cloudplatformprojects.readonly","https://www.googleapis.com/auth/firebase","https://www.googleapis.com/auth/cloud-platform"]
[debug] [2026-06-19T10:30:00.517Z] > authorizing via signed-in user (delgadogarciadelomasdavid@gmail.com)
[debug] [2026-06-19T10:30:00.521Z] Checked if tokens are valid: true, expires at: 1781868592379
[debug] [2026-06-19T10:30:00.521Z] Checked if tokens are valid: true, expires at: 1781868592379
[debug] [2026-06-19T10:30:00.523Z] >>> [apiv2][query] POST https://cloudresourcemanager.googleapis.com/v1/projects [none]
[debug] [2026-06-19T10:30:00.523Z] >>> [apiv2][body] POST https://cloudresourcemanager.googleapis.com/v1/projects {"projectId":"violin-app-dev","name":"Violin Master (Dev)"}
[debug] [2026-06-19T10:30:00.919Z] <<< [apiv2][status] POST https://cloudresourcemanager.googleapis.com/v1/projects 400
[debug] [2026-06-19T10:30:00.919Z] <<< [apiv2][body] POST https://cloudresourcemanager.googleapis.com/v1/projects {"error":{"code":400,"message":"field [display_name] has issue [project display name contains invalid characters]","status":"INVALID_ARGUMENT","details":[{"@type":"type.googleapis.com/google.rpc.BadRequest","fieldViolations":[{"field":"display_name","description":"project display name contains invalid characters"}]},{"@type":"type.googleapis.com/google.rpc.Help","links":[{"url":"https://cloud.google.com/resource-manager/reference/rest/v1/projects"}]}]}}
[debug] [2026-06-19T10:30:01.057Z] FirebaseError: Request to https://cloudresourcemanager.googleapis.com/v1/projects had HTTP Error: 400, field [display_name] has issue [project display name contains invalid characters]
    at responseToError (C:\Users\ragna\AppData\Roaming\npm\node_modules\firebase-tools\lib\responseToError.js:53:12)
    at RetryOperation._fn (C:\Users\ragna\AppData\Roaming\npm\node_modules\firebase-tools\lib\apiv2.js:333:77)
    at process.processTicksAndRejections (node:internal/process/task_queues:95:5)
[error] 
[error] Error: Failed to create project. See firebase-debug.log for more info.
